<?xml version="1.0" encoding="UTF-8"?>
<!-- Generated by org.testng.reporters.JUnitReportReporter -->
<testsuite hostname="M0137" failures="0" tests="1" name="com.mavenpackage.Driver_Script" time="192.971" errors="0" timestamp="2022-12-14T11:37:47 IST" skipped="0">
  <testcase classname="com.mavenpackage.Driver_Script" name="mydriverscript" time="192.971"/>
  <system-out/>
</testsuite> <!-- com.mavenpackage.Driver_Script -->
