<?xml version="1.0" encoding="UTF-8"?>
<!-- Generated by org.testng.reporters.JUnitReportReporter -->
<testsuite hostname="LAPTOP-1HKDVQ87" failures="0" tests="1" name="com.mavenpackage.Driver_Script" time="170.016" errors="0" timestamp="2022-12-10T12:51:28 IST" skipped="0">
  <testcase classname="com.mavenpackage.Driver_Script" name="mydriverscript" time="170.016"/>
  <system-out/>
</testsuite> <!-- com.mavenpackage.Driver_Script -->
