<?xml version="1.0" encoding="UTF-8"?>
<!-- Generated by org.testng.reporters.JUnitReportReporter -->
<testsuite hostname="LAPTOP-1HKDVQ87" failures="0" tests="1" name="com.mavenpackage.Driver_Script" time="35.299" errors="0" timestamp="2022-12-24T13:07:15 IST" skipped="0">
  <testcase classname="com.mavenpackage.Driver_Script" name="mydriverscript" time="35.299"/>
  <system-out/>
</testsuite> <!-- com.mavenpackage.Driver_Script -->
