<?xml version="1.0" encoding="UTF-8"?>
<!-- Generated by org.testng.reporters.JUnitReportReporter -->
<testsuite hostname="M0137" failures="0" tests="1" name="com.mavenpackage.Driver_Script" time="183.065" errors="0" timestamp="2023-01-09T17:09:57 IST" skipped="0">
  <testcase classname="com.mavenpackage.Driver_Script" name="mydriverscript" time="183.065"/>
  <system-out/>
</testsuite> <!-- com.mavenpackage.Driver_Script -->
