<?xml version="1.0" encoding="UTF-8"?>
<!-- Generated by org.testng.reporters.JUnitReportReporter -->
<testsuite hostname="M0137" failures="0" tests="1" name="com.mavenpackage.Driver_Script" time="213.973" errors="0" timestamp="2022-12-06T18:16:47 IST" skipped="0">
  <testcase classname="com.mavenpackage.Driver_Script" name="mydriverscript" time="213.973"/>
  <system-out>
    <![CDATA[Broswer type is chrome<br/>
WEB Execution Starting<br/>
Select the chrome browser<br/>
Take URL: Launching google chrome browser..<br/>
Execution Type is Head<br/>
Chrome browser started<br/>
Maximize Window<br/>
Navigates to URL is https://magnifywebtest.azurewebsites.net/home<br/>
wait<br/>
Click on login button<br/>
Enter Email ID<br/>
Enter Password<br/>
Click on Sign in<br/>
Validate Error Message <br/>
Refresh Page<br/>
Broswer type is firefox<br/>
WEB Execution Starting<br/>
Select the firefox browser<br/>
Take URL: Launching Firefox browser..<br/>
Execution Type is Head<br/>
Firefox browser started<br/>
Maximize Window<br/>
Navigates to URL is https://magnifywebtest.azurewebsites.net/home<br/>
wait<br/>
Click on login button<br/>
Enter Email ID<br/>
Enter Password<br/>
Click on Sign in<br/>
Validate Error Message <br/>
Refresh Page<br/>
Broswer type is edge<br/>
WEB Execution Starting<br/>
Select the edge browser<br/>
Take URL: Launching Edge browser..<br/>
Execution Type is Head<br/>
Edge browser started<br/>
Maximize Window<br/>
Navigates to URL is https://magnifywebtest.azurewebsites.net/home<br/>
wait<br/>
Click on login button<br/>
Enter Email ID<br/>
Enter Password<br/>
Click on Sign in<br/>
Validate Error Message <br/>
Refresh Page<br/>]]>
  </system-out>
</testsuite> <!-- com.mavenpackage.Driver_Script -->
