<?xml version="1.0" encoding="UTF-8"?>
<!-- Generated by org.testng.reporters.JUnitReportReporter -->
<testsuite hostname="LAPTOP-1HKDVQ87" failures="0" tests="1" name="com.mavenpackage.Driver_Script" time="21.308" errors="0" timestamp="2023-01-03T20:42:51 IST" skipped="0">
  <testcase classname="com.mavenpackage.Driver_Script" name="mydriverscript" time="21.308"/>
  <system-out/>
</testsuite> <!-- com.mavenpackage.Driver_Script -->
