<?xml version="1.0" encoding="UTF-8"?>
<!-- Generated by org.testng.reporters.JUnitReportReporter -->
<testsuite hostname="M0137" failures="0" tests="1" name="com.meda.automation.Utils.testng" time="14.697" errors="0" timestamp="2023-01-09T16:34:25 IST" skipped="0">
  <testcase classname="com.meda.automation.Utils.testng" name="executSessionOne" time="14.697"/>
  <system-out/>
</testsuite> <!-- com.meda.automation.Utils.testng -->
