<?xml version="1.0" encoding="UTF-8"?>
<!-- Generated by org.testng.reporters.JUnitReportReporter -->
<testsuite hostname="M0137" failures="0" tests="1" name="com.mavenpackage.Driver_Script" time="194.496" errors="0" timestamp="2022-12-13T19:17:40 IST" skipped="0">
  <testcase classname="com.mavenpackage.Driver_Script" name="mydriverscript" time="194.496"/>
  <system-out/>
</testsuite> <!-- com.mavenpackage.Driver_Script -->
